[2023-01-24T16:38:35.632269+01:00] miApp.INFO: Dulce Tarta tres chocolates comprado con éxito. [] []
[2023-01-24T16:38:35.632677+01:00] miApp.INFO: Dulce Cuña de chocolate comprado con éxito. [] []
[2023-01-24T16:38:35.632717+01:00] miApp.INFO: Dulce Kinder Schoko-Bons comprado con éxito. [] []
[2023-01-24T16:38:35.632737+01:00] miApp.INFO: Dulce Tarta de la abuela comprado con éxito. [] []
[2023-01-24T16:38:35.632929+01:00] miApp.INFO: Dulce Croissant comprado con éxito. [] []
[2023-01-24T16:38:35.632951+01:00] miApp.INFO: Dulce Palmera de chocolate comprado con éxito. [] []
[2023-01-24T16:38:35.632982+01:00] miApp.ERROR: No puedes realizar la valoración de un dulce que no ha sido comprado. [] []
[2023-01-24T16:38:35.633062+01:00] miApp.ERROR: Este producto no se puede incluir porque ya existe. [] []
[2023-01-24T16:38:35.633383+01:00] miApp.ERROR: Este cliente no se puede incluir porque ya existe. [] []
[2023-01-24T16:38:35.633432+01:00] miApp.INFO: Dulce Magdalena comprado con éxito. [] []
[2023-01-24T16:38:35.633550+01:00] miApp.INFO: Dulce Chocolate negro comprado con éxito. [] []
[2023-01-24T16:38:35.633656+01:00] miApp.ERROR: Este producto no existe así que no podrá ser comprado. [] []
[2023-01-24T18:39:31.519714+01:00] miApp.INFO: Dulce Tarta tres chocolates comprado con éxito. [] []
[2023-01-24T18:39:31.520010+01:00] miApp.INFO: Dulce Cuña de chocolate comprado con éxito. [] []
[2023-01-24T18:39:31.520036+01:00] miApp.INFO: Dulce Kinder Schoko-Bons comprado con éxito. [] []
[2023-01-24T18:39:31.520052+01:00] miApp.INFO: Dulce Tarta de la abuela comprado con éxito. [] []
[2023-01-24T18:39:31.520191+01:00] miApp.INFO: Dulce Croissant comprado con éxito. [] []
[2023-01-24T18:39:31.520211+01:00] miApp.INFO: Dulce Palmera de chocolate comprado con éxito. [] []
[2023-01-24T18:39:31.520232+01:00] miApp.ERROR: No puedes realizar la valoración de un dulce que no ha sido comprado. [] []
[2023-01-24T18:39:31.520256+01:00] miApp.ERROR: Este producto no se puede incluir porque ya existe. [] []
[2023-01-24T18:39:31.520466+01:00] miApp.ERROR: Este cliente no se puede incluir porque ya existe. [] []
[2023-01-24T18:39:31.520504+01:00] miApp.INFO: Dulce Magdalena comprado con éxito. [] []
[2023-01-24T18:39:31.520611+01:00] miApp.INFO: Dulce Chocolate negro comprado con éxito. [] []
[2023-01-24T18:39:31.520709+01:00] miApp.ERROR: Este producto no existe así que no podrá ser comprado. [] []
