[2023-01-24T16:29:46.006989+01:00] MiLogger.DEBUG: Esto es un mensaje de DEBUG [] []
[2023-01-24T16:29:46.008252+01:00] MiLogger.INFO: Esto es un mensaje de INFO [] []
[2023-01-24T16:29:46.008303+01:00] MiLogger.WARNING: Esto es un mensaje de WARNING [] []
[2023-01-24T16:29:46.008350+01:00] MiLogger.ERROR: Esto es un mensaje de ERROR [] []
[2023-01-24T16:29:46.008391+01:00] MiLogger.CRITICAL: Esto es un mensaje de CRITICAL [] []
[2023-01-24T16:29:46.008416+01:00] MiLogger.ALERT: Esto es un mensaje de ALERT [] []
[2023-01-24T16:32:51.260660+01:00] MiLogger.DEBUG: Esto es un mensaje de DEBUG [] []
[2023-01-24T16:32:51.261709+01:00] MiLogger.INFO: Esto es un mensaje de INFO [] []
[2023-01-24T16:32:51.261742+01:00] MiLogger.WARNING: Esto es un mensaje de WARNING [] []
[2023-01-24T16:32:51.262536+01:00] MiLogger.ERROR: Esto es un mensaje de ERROR [] []
[2023-01-24T16:32:51.262572+01:00] MiLogger.CRITICAL: Esto es un mensaje de CRITICAL [] []
[2023-01-24T16:32:51.262588+01:00] MiLogger.ALERT: Esto es un mensaje de ALERT [] []
[2023-01-24T16:34:52.146722+01:00] MiLogger.DEBUG: Esto es un mensaje de DEBUG [] []
[2023-01-24T16:34:52.147827+01:00] MiLogger.INFO: Esto es un mensaje de INFO [] []
[2023-01-24T16:34:52.147912+01:00] MiLogger.WARNING: Esto es un mensaje de WARNING [] []
[2023-01-24T16:34:52.147929+01:00] MiLogger.ERROR: Esto es un mensaje de ERROR [] []
[2023-01-24T16:34:52.147942+01:00] MiLogger.CRITICAL: Esto es un mensaje de CRITICAL [] []
[2023-01-24T16:34:52.147954+01:00] MiLogger.ALERT: Esto es un mensaje de ALERT [] []
[2023-01-24T16:36:11.006879+01:00] MiLogger.DEBUG: Esto es un mensaje de DEBUG [] []
[2023-01-24T16:36:11.008147+01:00] MiLogger.INFO: Esto es un mensaje de INFO [] []
[2023-01-24T16:36:11.008181+01:00] MiLogger.WARNING: Esto es un mensaje de WARNING [] []
[2023-01-24T16:36:11.008198+01:00] MiLogger.ERROR: Esto es un mensaje de ERROR [] []
[2023-01-24T16:36:11.008212+01:00] MiLogger.CRITICAL: Esto es un mensaje de CRITICAL [] []
[2023-01-24T16:36:11.008232+01:00] MiLogger.ALERT: Esto es un mensaje de ALERT [] []
[2023-01-24T16:38:20.248326+01:00] MiLogger.DEBUG: Esto es un mensaje de DEBUG [] []
[2023-01-24T16:38:20.249366+01:00] MiLogger.INFO: Esto es un mensaje de INFO [] []
[2023-01-24T16:38:20.249393+01:00] MiLogger.WARNING: Esto es un mensaje de WARNING [] []
[2023-01-24T16:38:20.249408+01:00] MiLogger.ERROR: Esto es un mensaje de ERROR [] []
[2023-01-24T16:38:20.249421+01:00] MiLogger.CRITICAL: Esto es un mensaje de CRITICAL [] []
[2023-01-24T16:38:20.249434+01:00] MiLogger.ALERT: Esto es un mensaje de ALERT [] []
[2023-01-24T16:38:20.411148+01:00] MiLogger.DEBUG: Esto es un mensaje de DEBUG [] []
[2023-01-24T16:38:20.412358+01:00] MiLogger.INFO: Esto es un mensaje de INFO [] []
[2023-01-24T16:38:20.412405+01:00] MiLogger.WARNING: Esto es un mensaje de WARNING [] []
[2023-01-24T16:38:20.412423+01:00] MiLogger.ERROR: Esto es un mensaje de ERROR [] []
[2023-01-24T16:38:20.412439+01:00] MiLogger.CRITICAL: Esto es un mensaje de CRITICAL [] []
[2023-01-24T16:38:20.412452+01:00] MiLogger.ALERT: Esto es un mensaje de ALERT [] []
[2023-01-24T16:38:20.566214+01:00] MiLogger.DEBUG: Esto es un mensaje de DEBUG [] []
[2023-01-24T16:38:20.567065+01:00] MiLogger.INFO: Esto es un mensaje de INFO [] []
[2023-01-24T16:38:20.567090+01:00] MiLogger.WARNING: Esto es un mensaje de WARNING [] []
[2023-01-24T16:38:20.567105+01:00] MiLogger.ERROR: Esto es un mensaje de ERROR [] []
[2023-01-24T16:38:20.567118+01:00] MiLogger.CRITICAL: Esto es un mensaje de CRITICAL [] []
[2023-01-24T16:38:20.567130+01:00] MiLogger.ALERT: Esto es un mensaje de ALERT [] []
[2023-01-24T16:38:20.745436+01:00] MiLogger.DEBUG: Esto es un mensaje de DEBUG [] []
[2023-01-24T16:38:20.746342+01:00] MiLogger.INFO: Esto es un mensaje de INFO [] []
[2023-01-24T16:38:20.746378+01:00] MiLogger.WARNING: Esto es un mensaje de WARNING [] []
[2023-01-24T16:38:20.746393+01:00] MiLogger.ERROR: Esto es un mensaje de ERROR [] []
[2023-01-24T16:38:20.746406+01:00] MiLogger.CRITICAL: Esto es un mensaje de CRITICAL [] []
[2023-01-24T16:38:20.746418+01:00] MiLogger.ALERT: Esto es un mensaje de ALERT [] []
[2023-01-24T16:38:20.908884+01:00] MiLogger.DEBUG: Esto es un mensaje de DEBUG [] []
[2023-01-24T16:38:20.909707+01:00] MiLogger.INFO: Esto es un mensaje de INFO [] []
[2023-01-24T16:38:20.909732+01:00] MiLogger.WARNING: Esto es un mensaje de WARNING [] []
[2023-01-24T16:38:20.909747+01:00] MiLogger.ERROR: Esto es un mensaje de ERROR [] []
[2023-01-24T16:38:20.909759+01:00] MiLogger.CRITICAL: Esto es un mensaje de CRITICAL [] []
[2023-01-24T16:38:20.909772+01:00] MiLogger.ALERT: Esto es un mensaje de ALERT [] []
[2023-01-24T16:38:35.630008+01:00] MiLogger.DEBUG: Esto es un mensaje de DEBUG [] []
[2023-01-24T16:38:35.631059+01:00] MiLogger.INFO: Esto es un mensaje de INFO [] []
[2023-01-24T16:38:35.631086+01:00] MiLogger.WARNING: Esto es un mensaje de WARNING [] []
[2023-01-24T16:38:35.631101+01:00] MiLogger.ERROR: Esto es un mensaje de ERROR [] []
[2023-01-24T16:38:35.631114+01:00] MiLogger.CRITICAL: Esto es un mensaje de CRITICAL [] []
[2023-01-24T16:38:35.631126+01:00] MiLogger.ALERT: Esto es un mensaje de ALERT [] []
[2023-01-24T18:28:34.006670+01:00] MiLogger.DEBUG: Esto es un mensaje de DEBUG [] []
[2023-01-24T18:28:34.008036+01:00] MiLogger.INFO: Esto es un mensaje de INFO [] []
[2023-01-24T18:28:34.008073+01:00] MiLogger.WARNING: Esto es un mensaje de WARNING [] []
[2023-01-24T18:28:34.008089+01:00] MiLogger.ERROR: Esto es un mensaje de ERROR [] []
[2023-01-24T18:28:34.008101+01:00] MiLogger.CRITICAL: Esto es un mensaje de CRITICAL [] []
[2023-01-24T18:28:34.008113+01:00] MiLogger.ALERT: Esto es un mensaje de ALERT [] []
[2023-01-24T18:28:51.799388+01:00] MiLogger.DEBUG: Esto es un mensaje de DEBUG [] []
[2023-01-24T18:28:51.800695+01:00] MiLogger.INFO: Esto es un mensaje de INFO [] []
[2023-01-24T18:28:51.800722+01:00] MiLogger.WARNING: Esto es un mensaje de WARNING [] []
[2023-01-24T18:28:51.800738+01:00] MiLogger.ERROR: Esto es un mensaje de ERROR [] []
[2023-01-24T18:28:51.800751+01:00] MiLogger.CRITICAL: Esto es un mensaje de CRITICAL [] []
[2023-01-24T18:28:51.800763+01:00] MiLogger.ALERT: Esto es un mensaje de ALERT [] []
[2023-01-24T18:28:51.949035+01:00] MiLogger.DEBUG: Esto es un mensaje de DEBUG [] []
[2023-01-24T18:28:51.949888+01:00] MiLogger.INFO: Esto es un mensaje de INFO [] []
[2023-01-24T18:28:51.949921+01:00] MiLogger.WARNING: Esto es un mensaje de WARNING [] []
[2023-01-24T18:28:51.949936+01:00] MiLogger.ERROR: Esto es un mensaje de ERROR [] []
[2023-01-24T18:28:51.949950+01:00] MiLogger.CRITICAL: Esto es un mensaje de CRITICAL [] []
[2023-01-24T18:28:51.949963+01:00] MiLogger.ALERT: Esto es un mensaje de ALERT [] []
[2023-01-24T18:39:29.457125+01:00] MiLogger.DEBUG: Esto es un mensaje de DEBUG [] []
[2023-01-24T18:39:29.458222+01:00] MiLogger.INFO: Esto es un mensaje de INFO [] []
[2023-01-24T18:39:29.458251+01:00] MiLogger.WARNING: Esto es un mensaje de WARNING [] []
[2023-01-24T18:39:29.458266+01:00] MiLogger.ERROR: Esto es un mensaje de ERROR [] []
[2023-01-24T18:39:29.458279+01:00] MiLogger.CRITICAL: Esto es un mensaje de CRITICAL [] []
[2023-01-24T18:39:29.458291+01:00] MiLogger.ALERT: Esto es un mensaje de ALERT [] []
[2023-01-24T18:39:31.517802+01:00] MiLogger.DEBUG: Esto es un mensaje de DEBUG [] []
[2023-01-24T18:39:31.518748+01:00] MiLogger.INFO: Esto es un mensaje de INFO [] []
[2023-01-24T18:39:31.518773+01:00] MiLogger.WARNING: Esto es un mensaje de WARNING [] []
[2023-01-24T18:39:31.518789+01:00] MiLogger.ERROR: Esto es un mensaje de ERROR [] []
[2023-01-24T18:39:31.518802+01:00] MiLogger.CRITICAL: Esto es un mensaje de CRITICAL [] []
[2023-01-24T18:39:31.518814+01:00] MiLogger.ALERT: Esto es un mensaje de ALERT [] []
[2023-01-24T18:43:06.408232+01:00] MiLogger.DEBUG: Esto es un mensaje de DEBUG [] []
[2023-01-24T18:43:06.409265+01:00] MiLogger.INFO: Esto es un mensaje de INFO [] []
[2023-01-24T18:43:06.409293+01:00] MiLogger.WARNING: Esto es un mensaje de WARNING [] []
[2023-01-24T18:43:06.409309+01:00] MiLogger.ERROR: Esto es un mensaje de ERROR [] []
[2023-01-24T18:43:06.409321+01:00] MiLogger.CRITICAL: Esto es un mensaje de CRITICAL [] []
[2023-01-24T18:43:06.409376+01:00] MiLogger.ALERT: Esto es un mensaje de ALERT [] []
[2023-01-24T18:56:46.492193+01:00] MiLogger.DEBUG: Esto es un mensaje de DEBUG [] []
[2023-01-24T18:56:46.493278+01:00] MiLogger.INFO: Esto es un mensaje de INFO [] []
[2023-01-24T18:56:46.493305+01:00] MiLogger.WARNING: Esto es un mensaje de WARNING [] []
[2023-01-24T18:56:46.493320+01:00] MiLogger.ERROR: Esto es un mensaje de ERROR [] []
[2023-01-24T18:56:46.493333+01:00] MiLogger.CRITICAL: Esto es un mensaje de CRITICAL [] []
[2023-01-24T18:56:46.493345+01:00] MiLogger.ALERT: Esto es un mensaje de ALERT [] []
[2023-01-24T18:56:46.909373+01:00] MiLogger.DEBUG: Esto es un mensaje de DEBUG [] []
[2023-01-24T18:56:46.910227+01:00] MiLogger.INFO: Esto es un mensaje de INFO [] []
[2023-01-24T18:56:46.910253+01:00] MiLogger.WARNING: Esto es un mensaje de WARNING [] []
[2023-01-24T18:56:46.910268+01:00] MiLogger.ERROR: Esto es un mensaje de ERROR [] []
[2023-01-24T18:56:46.910281+01:00] MiLogger.CRITICAL: Esto es un mensaje de CRITICAL [] []
[2023-01-24T18:56:46.910293+01:00] MiLogger.ALERT: Esto es un mensaje de ALERT [] []
[2023-01-24T18:56:47.062297+01:00] MiLogger.DEBUG: Esto es un mensaje de DEBUG [] []
[2023-01-24T18:56:47.063136+01:00] MiLogger.INFO: Esto es un mensaje de INFO [] []
[2023-01-24T18:56:47.063163+01:00] MiLogger.WARNING: Esto es un mensaje de WARNING [] []
[2023-01-24T18:56:47.063178+01:00] MiLogger.ERROR: Esto es un mensaje de ERROR [] []
[2023-01-24T18:56:47.063190+01:00] MiLogger.CRITICAL: Esto es un mensaje de CRITICAL [] []
[2023-01-24T18:56:47.063203+01:00] MiLogger.ALERT: Esto es un mensaje de ALERT [] []
[2023-01-24T18:56:47.220148+01:00] MiLogger.DEBUG: Esto es un mensaje de DEBUG [] []
[2023-01-24T18:56:47.221000+01:00] MiLogger.INFO: Esto es un mensaje de INFO [] []
[2023-01-24T18:56:47.221025+01:00] MiLogger.WARNING: Esto es un mensaje de WARNING [] []
[2023-01-24T18:56:47.221040+01:00] MiLogger.ERROR: Esto es un mensaje de ERROR [] []
[2023-01-24T18:56:47.221052+01:00] MiLogger.CRITICAL: Esto es un mensaje de CRITICAL [] []
[2023-01-24T18:56:47.221065+01:00] MiLogger.ALERT: Esto es un mensaje de ALERT [] []
[2023-01-24T18:56:47.480896+01:00] MiLogger.DEBUG: Esto es un mensaje de DEBUG [] []
[2023-01-24T18:56:47.481834+01:00] MiLogger.INFO: Esto es un mensaje de INFO [] []
[2023-01-24T18:56:47.481864+01:00] MiLogger.WARNING: Esto es un mensaje de WARNING [] []
[2023-01-24T18:56:47.481881+01:00] MiLogger.ERROR: Esto es un mensaje de ERROR [] []
[2023-01-24T18:56:47.481894+01:00] MiLogger.CRITICAL: Esto es un mensaje de CRITICAL [] []
[2023-01-24T18:56:47.481906+01:00] MiLogger.ALERT: Esto es un mensaje de ALERT [] []
[2023-01-24T18:56:47.717226+01:00] MiLogger.DEBUG: Esto es un mensaje de DEBUG [] []
[2023-01-24T18:56:47.718142+01:00] MiLogger.INFO: Esto es un mensaje de INFO [] []
[2023-01-24T18:56:47.718168+01:00] MiLogger.WARNING: Esto es un mensaje de WARNING [] []
[2023-01-24T18:56:47.718184+01:00] MiLogger.ERROR: Esto es un mensaje de ERROR [] []
[2023-01-24T18:56:47.718197+01:00] MiLogger.CRITICAL: Esto es un mensaje de CRITICAL [] []
[2023-01-24T18:56:47.718209+01:00] MiLogger.ALERT: Esto es un mensaje de ALERT [] []
[2023-01-24T18:56:47.956440+01:00] MiLogger.DEBUG: Esto es un mensaje de DEBUG [] []
[2023-01-24T18:56:47.957277+01:00] MiLogger.INFO: Esto es un mensaje de INFO [] []
[2023-01-24T18:56:47.957304+01:00] MiLogger.WARNING: Esto es un mensaje de WARNING [] []
[2023-01-24T18:56:47.957319+01:00] MiLogger.ERROR: Esto es un mensaje de ERROR [] []
[2023-01-24T18:56:47.957331+01:00] MiLogger.CRITICAL: Esto es un mensaje de CRITICAL [] []
[2023-01-24T18:56:47.957344+01:00] MiLogger.ALERT: Esto es un mensaje de ALERT [] []
[2023-01-24T18:56:48.100910+01:00] MiLogger.DEBUG: Esto es un mensaje de DEBUG [] []
[2023-01-24T18:56:48.101927+01:00] MiLogger.INFO: Esto es un mensaje de INFO [] []
[2023-01-24T18:56:48.101972+01:00] MiLogger.WARNING: Esto es un mensaje de WARNING [] []
[2023-01-24T18:56:48.101990+01:00] MiLogger.ERROR: Esto es un mensaje de ERROR [] []
[2023-01-24T18:56:48.102003+01:00] MiLogger.CRITICAL: Esto es un mensaje de CRITICAL [] []
[2023-01-24T18:56:48.102062+01:00] MiLogger.ALERT: Esto es un mensaje de ALERT [] []
[2023-01-24T18:56:48.526977+01:00] MiLogger.DEBUG: Esto es un mensaje de DEBUG [] []
[2023-01-24T18:56:48.527867+01:00] MiLogger.INFO: Esto es un mensaje de INFO [] []
[2023-01-24T18:56:48.527895+01:00] MiLogger.WARNING: Esto es un mensaje de WARNING [] []
[2023-01-24T18:56:48.527913+01:00] MiLogger.ERROR: Esto es un mensaje de ERROR [] []
[2023-01-24T18:56:48.527928+01:00] MiLogger.CRITICAL: Esto es un mensaje de CRITICAL [] []
[2023-01-24T18:56:48.527943+01:00] MiLogger.ALERT: Esto es un mensaje de ALERT [] []
[2023-01-24T18:56:48.714418+01:00] MiLogger.DEBUG: Esto es un mensaje de DEBUG [] []
[2023-01-24T18:56:48.715236+01:00] MiLogger.INFO: Esto es un mensaje de INFO [] []
[2023-01-24T18:56:48.715262+01:00] MiLogger.WARNING: Esto es un mensaje de WARNING [] []
[2023-01-24T18:56:48.715277+01:00] MiLogger.ERROR: Esto es un mensaje de ERROR [] []
[2023-01-24T18:56:48.715289+01:00] MiLogger.CRITICAL: Esto es un mensaje de CRITICAL [] []
[2023-01-24T18:56:48.715308+01:00] MiLogger.ALERT: Esto es un mensaje de ALERT [] []
[2023-01-24T18:56:48.877329+01:00] MiLogger.DEBUG: Esto es un mensaje de DEBUG [] []
[2023-01-24T18:56:48.878300+01:00] MiLogger.INFO: Esto es un mensaje de INFO [] []
[2023-01-24T18:56:48.878328+01:00] MiLogger.WARNING: Esto es un mensaje de WARNING [] []
[2023-01-24T18:56:48.878343+01:00] MiLogger.ERROR: Esto es un mensaje de ERROR [] []
[2023-01-24T18:56:48.878356+01:00] MiLogger.CRITICAL: Esto es un mensaje de CRITICAL [] []
[2023-01-24T18:56:48.878369+01:00] MiLogger.ALERT: Esto es un mensaje de ALERT [] []
